# JRE version: OpenJDK Runtime Environment (11.0.12+7) (build 11.0.12+7-b1504.28-7817840)
# Java VM: OpenJDK 64-Bit Server VM (11.0.12+7-b1504.28-7817840, mixed mode, tiered, compressed oops, g1 gc, windows-amd64)
Heap:
 garbage-first heap   total 615424K, used 209436K [0x0000000080000000, 0x0000000100000000)
  region size 1024K, 1 young (1024K), 1 survivors (1024K)
 Metaspace       used 105961K, capacity 108497K, committed 109228K, reserved 1144832K
  class space    used 13432K, capacity 14354K, committed 14592K, reserved 1048576K
GC Heap History (20 events):
Event: 19.601 GC heap after
{Heap after GC invocations=26 (full 0):
 garbage-first heap   total 225280K, used 190182K [0x0000000080000000, 0x0000000100000000)
  region size 1024K, 2 young (2048K), 2 survivors (2048K)
 Metaspace       used 104475K, capacity 106912K, committed 107820K, reserved 1142784K
  class space    used 13267K, capacity 14189K, committed 14464K, reserved 1048576K
}
Event: 19.621 GC heap before
{Heap before GC invocations=26 (full 0):
 garbage-first heap   total 225280K, used 199398K [0x0000000080000000, 0x0000000100000000)
  region size 1024K, 11 young (11264K), 2 survivors (2048K)
 Metaspace       used 104475K, capacity 106912K, committed 107820K, reserved 1142784K
  class space    used 13267K, capacity 14189K, committed 14464K, reserved 1048576K
}
Event: 19.631 GC heap after
{Heap after GC invocations=27 (full 0):
 garbage-first heap   total 225280K, used 197259K [0x0000000080000000, 0x0000000100000000)
  region size 1024K, 2 young (2048K), 2 survivors (2048K)
 Metaspace       used 104475K, capacity 106912K, committed 107820K, reserved 1142784K
  class space    used 13267K, capacity 14189K, committed 14464K, reserved 1048576K
}
Event: 19.701 GC heap before
{Heap before GC invocations=27 (full 0):
 garbage-first heap   total 225280K, used 206475K [0x0000000080000000, 0x0000000100000000)
  region size 1024K, 11 young (11264K), 2 survivors (2048K)
 Metaspace       used 104507K, capacity 106976K, committed 107820K, reserved 1142784K
  class space    used 13267K, capacity 14189K, committed 14464K, reserved 1048576K
}
Event: 19.708 GC heap after
{Heap after GC invocations=28 (full 0):
 garbage-first heap   total 225280K, used 200704K [0x0000000080000000, 0x0000000100000000)
  region size 1024K, 2 young (2048K), 2 survivors (2048K)
 Metaspace       used 104507K, capacity 106976K, committed 107820K, reserved 1142784K
  class space    used 13267K, capacity 14189K, committed 14464K, reserved 1048576K
}
Event: 19.735 GC heap before
{Heap before GC invocations=29 (full 0):
 garbage-first heap   total 225280K, used 209920K [0x0000000080000000, 0x0000000100000000)
  region size 1024K, 11 young (11264K), 2 survivors (2048K)
 Metaspace       used 104508K, capacity 106976K, committed 107820K, reserved 1142784K
  class space    used 13267K, capacity 14189K, committed 14464K, reserved 1048576K
}
Event: 19.743 GC heap after
{Heap after GC invocations=30 (full 0):
 garbage-first heap   total 225280K, used 210198K [0x0000000080000000, 0x0000000100000000)
  region size 1024K, 2 young (2048K), 2 survivors (2048K)
 Metaspace       used 104508K, capacity 106976K, committed 107820K, reserved 1142784K
  class space    used 13267K, capacity 14189K, committed 14464K, reserved 1048576K
}
Event: 19.769 GC heap before
{Heap before GC invocations=30 (full 0):
 garbage-first heap   total 225280K, used 219414K [0x0000000080000000, 0x0000000100000000)
  region size 1024K, 11 young (11264K), 2 survivors (2048K)
 Metaspace       used 104508K, capacity 106976K, committed 107820K, reserved 1142784K
  class space    used 13267K, capacity 14189K, committed 14464K, reserved 1048576K
}
Event: 19.776 GC heap after
{Heap after GC invocations=31 (full 0):
 garbage-first heap   total 231424K, used 220097K [0x0000000080000000, 0x0000000100000000)
  region size 1024K, 2 young (2048K), 2 survivors (2048K)
 Metaspace       used 104508K, capacity 106976K, committed 107820K, reserved 1142784K
  class space    used 13267K, capacity 14189K, committed 14464K, reserved 1048576K
}
Event: 19.805 GC heap before
{Heap before GC invocations=31 (full 0):
 garbage-first heap   total 231424K, used 229313K [0x0000000080000000, 0x0000000100000000)
  region size 1024K, 11 young (11264K), 2 survivors (2048K)
 Metaspace       used 104508K, capacity 106976K, committed 107820K, reserved 1142784K
  class space    used 13267K, capacity 14189K, committed 14464K, reserved 1048576K
}
Event: 19.813 GC heap after
{Heap after GC invocations=32 (full 0):
 garbage-first heap   total 240640K, used 228784K [0x0000000080000000, 0x0000000100000000)
  region size 1024K, 2 young (2048K), 2 survivors (2048K)
 Metaspace       used 104508K, capacity 106976K, committed 107820K, reserved 1142784K
  class space    used 13267K, capacity 14189K, committed 14464K, reserved 1048576K
}
Event: 19.825 GC heap before
{Heap before GC invocations=32 (full 0):
 garbage-first heap   total 240640K, used 238000K [0x0000000080000000, 0x0000000100000000)
  region size 1024K, 11 young (11264K), 2 survivors (2048K)
 Metaspace       used 104508K, capacity 106976K, committed 107820K, reserved 1142784K
  class space    used 13267K, capacity 14189K, committed 14464K, reserved 1048576K
}
Event: 19.834 GC heap after
{Heap after GC invocations=33 (full 0):
 garbage-first heap   total 297984K, used 235915K [0x0000000080000000, 0x0000000100000000)
  region size 1024K, 2 young (2048K), 2 survivors (2048K)
 Metaspace       used 104508K, capacity 106976K, committed 107820K, reserved 1142784K
  class space    used 13267K, capacity 14189K, committed 14464K, reserved 1048576K
}
Event: 19.868 GC heap before
{Heap before GC invocations=33 (full 0):
 garbage-first heap   total 297984K, used 248203K [0x0000000080000000, 0x0000000100000000)
  region size 1024K, 14 young (14336K), 2 survivors (2048K)
 Metaspace       used 104508K, capacity 106976K, committed 107820K, reserved 1142784K
  class space    used 13267K, capacity 14189K, committed 14464K, reserved 1048576K
}
Event: 19.878 GC heap after
{Heap after GC invocations=34 (full 0):
 garbage-first heap   total 297984K, used 247291K [0x0000000080000000, 0x0000000100000000)
  region size 1024K, 2 young (2048K), 2 survivors (2048K)
 Metaspace       used 104508K, capacity 106976K, committed 107820K, reserved 1142784K
  class space    used 13267K, capacity 14189K, committed 14464K, reserved 1048576K
}
Event: 19.948 GC heap before
{Heap before GC invocations=34 (full 0):
 garbage-first heap   total 297984K, used 258555K [0x0000000080000000, 0x0000000100000000)
  region size 1024K, 14 young (14336K), 2 survivors (2048K)
 Metaspace       used 104635K, capacity 107175K, committed 108076K, reserved 1142784K
  class space    used 13276K, capacity 14191K, committed 14464K, reserved 1048576K
}
Event: 19.957 GC heap after
{Heap after GC invocations=35 (full 0):
 garbage-first heap   total 297984K, used 252149K [0x0000000080000000, 0x0000000100000000)
  region size 1024K, 2 young (2048K), 2 survivors (2048K)
 Metaspace       used 104635K, capacity 107175K, committed 108076K, reserved 1142784K
  class space    used 13276K, capacity 14191K, committed 14464K, reserved 1048576K
}
Event: 20.277 GC heap before
{Heap before GC invocations=36 (full 0):
 garbage-first heap   total 297984K, used 244981K [0x0000000080000000, 0x0000000100000000)
  region size 1024K, 14 young (14336K), 2 survivors (2048K)
 Metaspace       used 105898K, capacity 108482K, committed 109228K, reserved 1144832K
  class space    used 13426K, capacity 14350K, committed 14592K, reserved 1048576K
}
Event: 20.283 GC heap after
{Heap after GC invocations=37 (full 0):
 garbage-first heap   total 297984K, used 235940K [0x0000000080000000, 0x0000000100000000)
  region size 1024K, 2 young (2048K), 2 survivors (2048K)
 Metaspace       used 105898K, capacity 108482K, committed 109228K, reserved 1144832K
  class space    used 13426K, capacity 14350K, committed 14592K, reserved 1048576K
}
Event: 20.378 GC heap before
{Heap before GC invocations=37 (full 0):
 garbage-first heap   total 297984K, used 247204K [0x0000000080000000, 0x0000000100000000)
  region size 1024K, 14 young (14336K), 2 survivors (2048K)
 Metaspace       used 105961K, capacity 108497K, committed 109228K, reserved 1144832K
  class space    used 13432K, capacity 14354K, committed 14592K, reserved 1048576K
}

