# JRE version: OpenJDK Runtime Environment (11.0.12+7) (build 11.0.12+7-b1504.28-7817840)
# Java VM: OpenJDK 64-Bit Server VM (11.0.12+7-b1504.28-7817840, mixed mode, tiered, compressed oops, g1 gc, windows-amd64)
Heap:
 garbage-first heap   total 155648K, used 106599K [0x0000000080000000, 0x0000000100000000)
  region size 1024K, 64 young (65536K), 3 survivors (3072K)
 Metaspace       used 64490K, capacity 66020K, committed 66168K, reserved 1105920K
  class space    used 8226K, capacity 8797K, committed 8908K, reserved 1048576K
GC Heap History (18 events):
Event: 0.961 GC heap before
{Heap before GC invocations=0 (full 0):
 garbage-first heap   total 129024K, used 29696K [0x0000000080000000, 0x0000000100000000)
  region size 1024K, 24 young (24576K), 0 survivors (0K)
 Metaspace       used 10173K, capacity 10403K, committed 10624K, reserved 1058816K
  class space    used 1063K, capacity 1106K, committed 1152K, reserved 1048576K
}
Event: 0.967 GC heap after
{Heap after GC invocations=1 (full 0):
 garbage-first heap   total 129024K, used 9370K [0x0000000080000000, 0x0000000100000000)
  region size 1024K, 3 young (3072K), 3 survivors (3072K)
 Metaspace       used 10173K, capacity 10403K, committed 10624K, reserved 1058816K
  class space    used 1063K, capacity 1106K, committed 1152K, reserved 1048576K
}
Event: 2.843 GC heap before
{Heap before GC invocations=1 (full 0):
 garbage-first heap   total 129024K, used 83098K [0x0000000080000000, 0x0000000100000000)
  region size 1024K, 75 young (76800K), 3 survivors (3072K)
 Metaspace       used 17535K, capacity 17953K, committed 18176K, reserved 1064960K
  class space    used 2066K, capacity 2179K, committed 2304K, reserved 1048576K
}
Event: 2.850 GC heap after
{Heap after GC invocations=2 (full 0):
 garbage-first heap   total 129024K, used 15787K [0x0000000080000000, 0x0000000100000000)
  region size 1024K, 10 young (10240K), 10 survivors (10240K)
 Metaspace       used 17535K, capacity 17953K, committed 18176K, reserved 1064960K
  class space    used 2066K, capacity 2179K, committed 2304K, reserved 1048576K
}
Event: 3.091 GC heap before
{Heap before GC invocations=2 (full 0):
 garbage-first heap   total 129024K, used 45483K [0x0000000080000000, 0x0000000100000000)
  region size 1024K, 40 young (40960K), 10 survivors (10240K)
 Metaspace       used 20643K, capacity 21085K, committed 21248K, reserved 1067008K
  class space    used 2543K, capacity 2712K, committed 2816K, reserved 1048576K
}
Event: 3.098 GC heap after
{Heap after GC invocations=3 (full 0):
 garbage-first heap   total 129024K, used 17069K [0x0000000080000000, 0x0000000100000000)
  region size 1024K, 2 young (2048K), 2 survivors (2048K)
 Metaspace       used 20643K, capacity 21085K, committed 21248K, reserved 1067008K
  class space    used 2543K, capacity 2712K, committed 2816K, reserved 1048576K
}
Event: 3.714 GC heap before
{Heap before GC invocations=4 (full 0):
 garbage-first heap   total 129024K, used 82605K [0x0000000080000000, 0x0000000100000000)
  region size 1024K, 66 young (67584K), 2 survivors (2048K)
 Metaspace       used 27315K, capacity 27913K, committed 28160K, reserved 1073152K
  class space    used 3580K, capacity 3807K, committed 3840K, reserved 1048576K
}
Event: 3.719 GC heap after
{Heap after GC invocations=5 (full 0):
 garbage-first heap   total 129024K, used 19203K [0x0000000080000000, 0x0000000100000000)
  region size 1024K, 4 young (4096K), 4 survivors (4096K)
 Metaspace       used 27315K, capacity 27913K, committed 28160K, reserved 1073152K
  class space    used 3580K, capacity 3807K, committed 3840K, reserved 1048576K
}
Event: 4.378 GC heap before
{Heap before GC invocations=5 (full 0):
 garbage-first heap   total 129024K, used 66307K [0x0000000080000000, 0x0000000100000000)
  region size 1024K, 51 young (52224K), 4 survivors (4096K)
 Metaspace       used 34902K, capacity 35727K, committed 35840K, reserved 1081344K
  class space    used 4534K, capacity 4839K, committed 4864K, reserved 1048576K
}
Event: 4.394 GC heap after
{Heap after GC invocations=6 (full 0):
 garbage-first heap   total 129024K, used 22048K [0x0000000080000000, 0x0000000100000000)
  region size 1024K, 7 young (7168K), 7 survivors (7168K)
 Metaspace       used 34902K, capacity 35727K, committed 35840K, reserved 1081344K
  class space    used 4534K, capacity 4839K, committed 4864K, reserved 1048576K
}
Event: 5.270 GC heap before
{Heap before GC invocations=7 (full 0):
 garbage-first heap   total 129024K, used 93728K [0x0000000080000000, 0x0000000100000000)
  region size 1024K, 75 young (76800K), 7 survivors (7168K)
 Metaspace       used 40530K, capacity 41502K, committed 41728K, reserved 1085440K
  class space    used 5183K, capacity 5544K, committed 5632K, reserved 1048576K
}
Event: 5.279 GC heap after
{Heap after GC invocations=8 (full 0):
 garbage-first heap   total 129024K, used 27452K [0x0000000080000000, 0x0000000100000000)
  region size 1024K, 10 young (10240K), 10 survivors (10240K)
 Metaspace       used 40530K, capacity 41502K, committed 41728K, reserved 1085440K
  class space    used 5183K, capacity 5544K, committed 5632K, reserved 1048576K
}
Event: 5.954 GC heap before
{Heap before GC invocations=8 (full 0):
 garbage-first heap   total 129024K, used 94012K [0x0000000080000000, 0x0000000100000000)
  region size 1024K, 75 young (76800K), 10 survivors (10240K)
 Metaspace       used 46399K, capacity 47456K, committed 47616K, reserved 1091584K
  class space    used 5982K, capacity 6369K, committed 6400K, reserved 1048576K
}
Event: 5.964 GC heap after
{Heap after GC invocations=9 (full 0):
 garbage-first heap   total 155648K, used 29995K [0x0000000080000000, 0x0000000100000000)
  region size 1024K, 8 young (8192K), 8 survivors (8192K)
 Metaspace       used 46399K, capacity 47456K, committed 47616K, reserved 1091584K
  class space    used 5982K, capacity 6369K, committed 6400K, reserved 1048576K
}
Event: 6.928 GC heap before
{Heap before GC invocations=9 (full 0):
 garbage-first heap   total 155648K, used 110891K [0x0000000080000000, 0x0000000100000000)
  region size 1024K, 84 young (86016K), 8 survivors (8192K)
 Metaspace       used 50185K, capacity 51459K, committed 51584K, reserved 1093632K
  class space    used 6438K, capacity 6920K, committed 7040K, reserved 1048576K
}
Event: 6.940 GC heap after
{Heap after GC invocations=10 (full 0):
 garbage-first heap   total 155648K, used 43194K [0x0000000080000000, 0x0000000100000000)
  region size 1024K, 11 young (11264K), 11 survivors (11264K)
 Metaspace       used 50185K, capacity 51459K, committed 51584K, reserved 1093632K
  class space    used 6438K, capacity 6920K, committed 7040K, reserved 1048576K
}
Event: 7.698 GC heap before
{Heap before GC invocations=10 (full 0):
 garbage-first heap   total 155648K, used 100538K [0x0000000080000000, 0x0000000100000000)
  region size 1024K, 68 young (69632K), 11 survivors (11264K)
 Metaspace       used 58416K, capacity 59852K, committed 59948K, reserved 1101824K
  class space    used 7463K, capacity 8029K, committed 8064K, reserved 1048576K
}
Event: 7.722 GC heap after
{Heap after GC invocations=11 (full 0):
 garbage-first heap   total 155648K, used 46183K [0x0000000080000000, 0x0000000100000000)
  region size 1024K, 3 young (3072K), 3 survivors (3072K)
 Metaspace       used 58416K, capacity 59852K, committed 59948K, reserved 1101824K
  class space    used 7463K, capacity 8029K, committed 8064K, reserved 1048576K
}

