# JRE version: OpenJDK Runtime Environment (11.0.12+7) (build 11.0.12+7-b1504.28-7817840)
# Java VM: OpenJDK 64-Bit Server VM (11.0.12+7-b1504.28-7817840, mixed mode, tiered, compressed oops, g1 gc, windows-amd64)
Heap:
 garbage-first heap   total 225280K, used 144384K [0x0000000080000000, 0x0000000100000000)
  region size 1024K, 18 young (18432K), 6 survivors (6144K)
 Metaspace       used 96443K, capacity 99082K, committed 99312K, reserved 1134592K
  class space    used 12414K, capacity 13435K, committed 13516K, reserved 1048576K
GC Heap History (20 events):
Event: 6.999 GC heap before
{Heap before GC invocations=9 (full 0):
 garbage-first heap   total 155648K, used 118678K [0x0000000080000000, 0x0000000100000000)
  region size 1024K, 91 young (93184K), 8 survivors (8192K)
 Metaspace       used 51982K, capacity 53255K, committed 53448K, reserved 1095680K
  class space    used 6656K, capacity 7135K, committed 7244K, reserved 1048576K
}
Event: 7.012 GC heap after
{Heap after GC invocations=10 (full 0):
 garbage-first heap   total 155648K, used 44011K [0x0000000080000000, 0x0000000100000000)
  region size 1024K, 12 young (12288K), 12 survivors (12288K)
 Metaspace       used 51982K, capacity 53255K, committed 53448K, reserved 1095680K
  class space    used 6656K, capacity 7135K, committed 7244K, reserved 1048576K
}
Event: 7.674 GC heap before
{Heap before GC invocations=10 (full 0):
 garbage-first heap   total 155648K, used 87019K [0x0000000080000000, 0x0000000100000000)
  region size 1024K, 55 young (56320K), 12 survivors (12288K)
 Metaspace       used 58406K, capacity 59821K, committed 59976K, reserved 1101824K
  class space    used 7457K, capacity 8040K, committed 8140K, reserved 1048576K
}
Event: 7.692 GC heap after
{Heap after GC invocations=11 (full 0):
 garbage-first heap   total 155648K, used 46569K [0x0000000080000000, 0x0000000100000000)
  region size 1024K, 3 young (3072K), 3 survivors (3072K)
 Metaspace       used 58406K, capacity 59821K, committed 59976K, reserved 1101824K
  class space    used 7457K, capacity 8040K, committed 8140K, reserved 1048576K
}
Event: 8.646 GC heap before
{Heap before GC invocations=12 (full 0):
 garbage-first heap   total 155648K, used 111081K [0x0000000080000000, 0x0000000100000000)
  region size 1024K, 66 young (67584K), 3 survivors (3072K)
 Metaspace       used 64661K, capacity 66169K, committed 66544K, reserved 1107968K
  class space    used 8237K, capacity 8780K, committed 8908K, reserved 1048576K
}
Event: 8.654 GC heap after
{Heap after GC invocations=13 (full 0):
 garbage-first heap   total 187392K, used 51576K [0x0000000080000000, 0x0000000100000000)
  region size 1024K, 8 young (8192K), 8 survivors (8192K)
 Metaspace       used 64661K, capacity 66169K, committed 66544K, reserved 1107968K
  class space    used 8237K, capacity 8780K, committed 8908K, reserved 1048576K
}
Event: 9.671 GC heap before
{Heap before GC invocations=13 (full 0):
 garbage-first heap   total 187392K, used 133496K [0x0000000080000000, 0x0000000100000000)
  region size 1024K, 88 young (90112K), 8 survivors (8192K)
 Metaspace       used 70637K, capacity 72186K, committed 72432K, reserved 1112064K
  class space    used 9218K, capacity 9837K, committed 9932K, reserved 1048576K
}
Event: 9.680 GC heap after
{Heap after GC invocations=14 (full 0):
 garbage-first heap   total 187392K, used 56418K [0x0000000080000000, 0x0000000100000000)
  region size 1024K, 6 young (6144K), 6 survivors (6144K)
 Metaspace       used 70637K, capacity 72186K, committed 72432K, reserved 1112064K
  class space    used 9218K, capacity 9837K, committed 9932K, reserved 1048576K
}
Event: 10.820 GC heap before
{Heap before GC invocations=14 (full 0):
 garbage-first heap   total 187392K, used 137314K [0x0000000080000000, 0x0000000100000000)
  region size 1024K, 85 young (87040K), 6 survivors (6144K)
 Metaspace       used 78430K, capacity 80159K, committed 80496K, reserved 1118208K
  class space    used 10286K, capacity 10947K, committed 11084K, reserved 1048576K
}
Event: 10.831 GC heap after
{Heap after GC invocations=15 (full 0):
 garbage-first heap   total 187392K, used 61346K [0x0000000080000000, 0x0000000100000000)
  region size 1024K, 11 young (11264K), 11 survivors (11264K)
 Metaspace       used 78430K, capacity 80159K, committed 80496K, reserved 1118208K
  class space    used 10286K, capacity 10947K, committed 11084K, reserved 1048576K
}
Event: 12.290 GC heap before
{Heap before GC invocations=15 (full 0):
 garbage-first heap   total 187392K, used 140194K [0x0000000080000000, 0x0000000100000000)
  region size 1024K, 89 young (91136K), 11 survivors (11264K)
 Metaspace       used 81870K, capacity 84058K, committed 84208K, reserved 1122304K
  class space    used 10836K, capacity 11684K, committed 11724K, reserved 1048576K
}
Event: 12.312 GC heap after
{Heap after GC invocations=16 (full 0):
 garbage-first heap   total 187392K, used 67232K [0x0000000080000000, 0x0000000100000000)
  region size 1024K, 11 young (11264K), 11 survivors (11264K)
 Metaspace       used 81870K, capacity 84058K, committed 84208K, reserved 1122304K
  class space    used 10836K, capacity 11684K, committed 11724K, reserved 1048576K
}
Event: 13.449 GC heap before
{Heap before GC invocations=16 (full 0):
 garbage-first heap   total 187392K, used 144032K [0x0000000080000000, 0x0000000100000000)
  region size 1024K, 87 young (89088K), 11 survivors (11264K)
 Metaspace       used 82918K, capacity 85151K, committed 85360K, reserved 1122304K
  class space    used 10917K, capacity 11782K, committed 11852K, reserved 1048576K
}
Event: 13.465 GC heap after
{Heap after GC invocations=17 (full 0):
 garbage-first heap   total 187392K, used 72704K [0x0000000080000000, 0x0000000100000000)
  region size 1024K, 11 young (11264K), 11 survivors (11264K)
 Metaspace       used 82918K, capacity 85151K, committed 85360K, reserved 1122304K
  class space    used 10917K, capacity 11782K, committed 11852K, reserved 1048576K
}
Event: 14.635 GC heap before
{Heap before GC invocations=17 (full 0):
 garbage-first heap   total 187392K, used 148480K [0x0000000080000000, 0x0000000100000000)
  region size 1024K, 84 young (86016K), 11 survivors (11264K)
 Metaspace       used 90772K, capacity 93285K, committed 93552K, reserved 1130496K
  class space    used 11875K, capacity 12782K, committed 12876K, reserved 1048576K
}
Event: 14.651 GC heap after
{Heap after GC invocations=18 (full 0):
 garbage-first heap   total 187392K, used 83267K [0x0000000080000000, 0x0000000100000000)
  region size 1024K, 9 young (9216K), 9 survivors (9216K)
 Metaspace       used 90772K, capacity 93285K, committed 93552K, reserved 1130496K
  class space    used 11875K, capacity 12782K, committed 12876K, reserved 1048576K
}
Event: 15.769 GC heap before
{Heap before GC invocations=18 (full 0):
 garbage-first heap   total 187392K, used 148803K [0x0000000080000000, 0x0000000100000000)
  region size 1024K, 73 young (74752K), 9 survivors (9216K)
 Metaspace       used 95760K, capacity 98397K, committed 98672K, reserved 1134592K
  class space    used 12343K, capacity 13334K, committed 13388K, reserved 1048576K
}
Event: 15.792 GC heap after
{Heap after GC invocations=19 (full 0):
 garbage-first heap   total 187392K, used 107430K [0x0000000080000000, 0x0000000100000000)
  region size 1024K, 10 young (10240K), 10 survivors (10240K)
 Metaspace       used 95760K, capacity 98397K, committed 98672K, reserved 1134592K
  class space    used 12343K, capacity 13334K, committed 13388K, reserved 1048576K
}
Event: 15.938 GC heap before
{Heap before GC invocations=19 (full 0):
 garbage-first heap   total 187392K, used 142246K [0x0000000080000000, 0x0000000100000000)
  region size 1024K, 44 young (45056K), 10 survivors (10240K)
 Metaspace       used 95939K, capacity 98570K, committed 98672K, reserved 1134592K
  class space    used 12356K, capacity 13371K, committed 13388K, reserved 1048576K
}
Event: 15.964 GC heap after
{Heap after GC invocations=20 (full 0):
 garbage-first heap   total 225280K, used 133120K [0x0000000080000000, 0x0000000100000000)
  region size 1024K, 6 young (6144K), 6 survivors (6144K)
 Metaspace       used 95939K, capacity 98570K, committed 98672K, reserved 1134592K
  class space    used 12356K, capacity 13371K, committed 13388K, reserved 1048576K
}

