# JRE version: OpenJDK Runtime Environment (11.0.12+7) (build 11.0.12+7-b1504.28-7817840)
# Java VM: OpenJDK 64-Bit Server VM (11.0.12+7-b1504.28-7817840, mixed mode, tiered, compressed oops, g1 gc, windows-amd64)
Heap:
 garbage-first heap   total 270336K, used 180224K [0x0000000080000000, 0x0000000100000000)
  region size 1024K, 3 young (3072K), 3 survivors (3072K)
 Metaspace       used 96935K, capacity 99350K, committed 100216K, reserved 1136640K
  class space    used 12330K, capacity 13254K, committed 13516K, reserved 1048576K
GC Heap History (20 events):
Event: 6.613 GC heap after
{Heap after GC invocations=12 (full 0):
 garbage-first heap   total 187392K, used 47347K [0x0000000080000000, 0x0000000100000000)
  region size 1024K, 2 young (2048K), 2 survivors (2048K)
 Metaspace       used 58415K, capacity 59877K, committed 59948K, reserved 1101824K
  class space    used 7469K, capacity 8059K, committed 8064K, reserved 1048576K
}
Event: 7.501 GC heap before
{Heap before GC invocations=13 (full 0):
 garbage-first heap   total 187392K, used 116979K [0x0000000080000000, 0x0000000100000000)
  region size 1024K, 70 young (71680K), 2 survivors (2048K)
 Metaspace       used 65046K, capacity 66582K, committed 66680K, reserved 1107968K
  class space    used 8294K, capacity 8895K, committed 8908K, reserved 1048576K
}
Event: 7.511 GC heap after
{Heap after GC invocations=14 (full 0):
 garbage-first heap   total 187392K, used 51967K [0x0000000080000000, 0x0000000100000000)
  region size 1024K, 7 young (7168K), 7 survivors (7168K)
 Metaspace       used 65046K, capacity 66582K, committed 66680K, reserved 1107968K
  class space    used 8294K, capacity 8895K, committed 8908K, reserved 1048576K
}
Event: 8.359 GC heap before
{Heap before GC invocations=15 (full 0):
 garbage-first heap   total 187392K, used 122623K [0x0000000080000000, 0x0000000100000000)
  region size 1024K, 76 young (77824K), 7 survivors (7168K)
 Metaspace       used 69889K, capacity 71479K, committed 71672K, reserved 1112064K
  class space    used 9123K, capacity 9714K, committed 9804K, reserved 1048576K
}
Event: 8.371 GC heap after
{Heap after GC invocations=16 (full 0):
 garbage-first heap   total 187392K, used 57232K [0x0000000080000000, 0x0000000100000000)
  region size 1024K, 6 young (6144K), 6 survivors (6144K)
 Metaspace       used 69889K, capacity 71479K, committed 71672K, reserved 1112064K
  class space    used 9123K, capacity 9714K, committed 9804K, reserved 1048576K
}
Event: 9.387 GC heap before
{Heap before GC invocations=16 (full 0):
 garbage-first heap   total 187392K, used 128912K [0x0000000080000000, 0x0000000100000000)
  region size 1024K, 76 young (77824K), 6 survivors (6144K)
 Metaspace       used 76091K, capacity 77850K, committed 77944K, reserved 1116160K
  class space    used 10002K, capacity 10679K, committed 10700K, reserved 1048576K
}
Event: 9.396 GC heap after
{Heap after GC invocations=17 (full 0):
 garbage-first heap   total 187392K, used 61182K [0x0000000080000000, 0x0000000100000000)
  region size 1024K, 10 young (10240K), 10 survivors (10240K)
 Metaspace       used 76091K, capacity 77850K, committed 77944K, reserved 1116160K
  class space    used 10002K, capacity 10679K, committed 10700K, reserved 1048576K
}
Event: 10.559 GC heap before
{Heap before GC invocations=17 (full 0):
 garbage-first heap   total 187392K, used 133886K [0x0000000080000000, 0x0000000100000000)
  region size 1024K, 81 young (82944K), 10 survivors (10240K)
 Metaspace       used 81554K, capacity 83807K, committed 83960K, reserved 1122304K
  class space    used 10840K, capacity 11719K, committed 11852K, reserved 1048576K
}
Event: 10.574 GC heap after
{Heap after GC invocations=18 (full 0):
 garbage-first heap   total 187392K, used 66513K [0x0000000080000000, 0x0000000100000000)
  region size 1024K, 10 young (10240K), 10 survivors (10240K)
 Metaspace       used 81554K, capacity 83807K, committed 83960K, reserved 1122304K
  class space    used 10840K, capacity 11719K, committed 11852K, reserved 1048576K
}
Event: 11.648 GC heap before
{Heap before GC invocations=18 (full 0):
 garbage-first heap   total 187392K, used 138193K [0x0000000080000000, 0x0000000100000000)
  region size 1024K, 81 young (82944K), 10 survivors (10240K)
 Metaspace       used 82634K, capacity 84849K, committed 84984K, reserved 1122304K
  class space    used 10902K, capacity 11783K, committed 11852K, reserved 1048576K
}
Event: 11.664 GC heap after
{Heap after GC invocations=19 (full 0):
 garbage-first heap   total 225280K, used 71810K [0x0000000080000000, 0x0000000100000000)
  region size 1024K, 11 young (11264K), 11 survivors (11264K)
 Metaspace       used 82634K, capacity 84849K, committed 84984K, reserved 1122304K
  class space    used 10902K, capacity 11783K, committed 11852K, reserved 1048576K
}
Event: 12.911 GC heap before
{Heap before GC invocations=19 (full 0):
 garbage-first heap   total 225280K, used 164994K [0x0000000080000000, 0x0000000100000000)
  region size 1024K, 101 young (103424K), 11 survivors (11264K)
 Metaspace       used 90481K, capacity 93063K, committed 93176K, reserved 1130496K
  class space    used 11829K, capacity 12771K, committed 12876K, reserved 1048576K
}
Event: 12.927 GC heap after
{Heap after GC invocations=20 (full 0):
 garbage-first heap   total 225280K, used 82019K [0x0000000080000000, 0x0000000100000000)
  region size 1024K, 13 young (13312K), 13 survivors (13312K)
 Metaspace       used 90481K, capacity 93063K, committed 93176K, reserved 1130496K
  class space    used 11829K, capacity 12771K, committed 12876K, reserved 1048576K
}
Event: 13.833 GC heap before
{Heap before GC invocations=20 (full 0):
 garbage-first heap   total 225280K, used 170083K [0x0000000080000000, 0x0000000100000000)
  region size 1024K, 99 young (101376K), 13 survivors (13312K)
 Metaspace       used 95844K, capacity 98477K, committed 98808K, reserved 1134592K
  class space    used 12309K, capacity 13295K, committed 13388K, reserved 1048576K
}
Event: 13.865 GC heap after
{Heap after GC invocations=21 (full 0):
 garbage-first heap   total 225280K, used 120290K [0x0000000080000000, 0x0000000100000000)
  region size 1024K, 13 young (13312K), 13 survivors (13312K)
 Metaspace       used 95844K, capacity 98477K, committed 98808K, reserved 1134592K
  class space    used 12309K, capacity 13295K, committed 13388K, reserved 1048576K
}
Event: 14.191 GC heap before
{Heap before GC invocations=21 (full 0):
 garbage-first heap   total 225280K, used 161250K [0x0000000080000000, 0x0000000100000000)
  region size 1024K, 53 young (54272K), 13 survivors (13312K)
 Metaspace       used 97380K, capacity 100071K, committed 100216K, reserved 1136640K
  class space    used 12468K, capacity 13500K, committed 13516K, reserved 1048576K
}
Event: 14.225 GC heap after
{Heap after GC invocations=22 (full 0):
 garbage-first heap   total 225280K, used 140288K [0x0000000080000000, 0x0000000100000000)
  region size 1024K, 7 young (7168K), 7 survivors (7168K)
 Metaspace       used 97380K, capacity 100071K, committed 100216K, reserved 1136640K
  class space    used 12468K, capacity 13500K, committed 13516K, reserved 1048576K
}
Event: 14.356 GC heap before
{Heap before GC invocations=22 (full 0):
 garbage-first heap   total 225280K, used 171008K [0x0000000080000000, 0x0000000100000000)
  region size 1024K, 37 young (37888K), 7 survivors (7168K)
 Metaspace       used 97380K, capacity 100071K, committed 100216K, reserved 1136640K
  class space    used 12468K, capacity 13500K, committed 13516K, reserved 1048576K
}
Event: 14.376 GC heap after
{Heap after GC invocations=23 (full 0):
 garbage-first heap   total 225280K, used 168448K [0x0000000080000000, 0x0000000100000000)
  region size 1024K, 5 young (5120K), 5 survivors (5120K)
 Metaspace       used 97380K, capacity 100071K, committed 100216K, reserved 1136640K
  class space    used 12468K, capacity 13500K, committed 13516K, reserved 1048576K
}
Event: 14.433 GC heap before
{Heap before GC invocations=23 (full 0):
 garbage-first heap   total 225280K, used 182784K [0x0000000080000000, 0x0000000100000000)
  region size 1024K, 19 young (19456K), 5 survivors (5120K)
 Metaspace       used 96935K, capacity 99350K, committed 100216K, reserved 1136640K
  class space    used 12330K, capacity 13254K, committed 13516K, reserved 1048576K
}

