# JRE version: OpenJDK Runtime Environment (11.0.12+7) (build 11.0.12+7-b1504.28-7817840)
# Java VM: OpenJDK 64-Bit Server VM (11.0.12+7-b1504.28-7817840, mixed mode, tiered, compressed oops, g1 gc, windows-amd64)
Heap:
 garbage-first heap   total 187392K, used 60694K [0x0000000080000000, 0x0000000100000000)
  region size 1024K, 6 young (6144K), 5 survivors (5120K)
 Metaspace       used 76817K, capacity 78600K, committed 78704K, reserved 1118208K
  class space    used 10102K, capacity 10791K, committed 10828K, reserved 1048576K
GC Heap History (20 events):
Event: 2.204 GC heap before
{Heap before GC invocations=2 (full 0):
 garbage-first heap   total 129024K, used 49785K [0x0000000080000000, 0x0000000100000000)
  region size 1024K, 44 young (45056K), 9 survivors (9216K)
 Metaspace       used 20621K, capacity 21117K, committed 21296K, reserved 1069056K
  class space    used 2537K, capacity 2680K, committed 2688K, reserved 1048576K
}
Event: 2.214 GC heap after
{Heap after GC invocations=3 (full 0):
 garbage-first heap   total 129024K, used 16907K [0x0000000080000000, 0x0000000100000000)
  region size 1024K, 2 young (2048K), 2 survivors (2048K)
 Metaspace       used 20621K, capacity 21117K, committed 21296K, reserved 1069056K
  class space    used 2537K, capacity 2680K, committed 2688K, reserved 1048576K
}
Event: 2.690 GC heap before
{Heap before GC invocations=4 (full 0):
 garbage-first heap   total 129024K, used 70155K [0x0000000080000000, 0x0000000100000000)
  region size 1024K, 54 young (55296K), 2 survivors (2048K)
 Metaspace       used 26343K, capacity 26951K, committed 27184K, reserved 1073152K
  class space    used 3422K, capacity 3611K, committed 3712K, reserved 1048576K
}
Event: 2.694 GC heap after
{Heap after GC invocations=5 (full 0):
 garbage-first heap   total 129024K, used 18863K [0x0000000080000000, 0x0000000100000000)
  region size 1024K, 4 young (4096K), 4 survivors (4096K)
 Metaspace       used 26343K, capacity 26951K, committed 27184K, reserved 1073152K
  class space    used 3422K, capacity 3611K, committed 3712K, reserved 1048576K
}
Event: 3.396 GC heap before
{Heap before GC invocations=5 (full 0):
 garbage-first heap   total 129024K, used 77231K [0x0000000080000000, 0x0000000100000000)
  region size 1024K, 61 young (62464K), 4 survivors (4096K)
 Metaspace       used 33675K, capacity 34447K, committed 34608K, reserved 1079296K
  class space    used 4386K, capacity 4711K, committed 4736K, reserved 1048576K
}
Event: 3.402 GC heap after
{Heap after GC invocations=6 (full 0):
 garbage-first heap   total 129024K, used 21659K [0x0000000080000000, 0x0000000100000000)
  region size 1024K, 7 young (7168K), 7 survivors (7168K)
 Metaspace       used 33675K, capacity 34447K, committed 34608K, reserved 1079296K
  class space    used 4386K, capacity 4711K, committed 4736K, reserved 1048576K
}
Event: 3.428 GC heap before
{Heap before GC invocations=6 (full 0):
 garbage-first heap   total 129024K, used 21659K [0x0000000080000000, 0x0000000100000000)
  region size 1024K, 8 young (8192K), 7 survivors (7168K)
 Metaspace       used 34865K, capacity 35663K, committed 35708K, reserved 1081344K
  class space    used 4519K, capacity 4839K, committed 4864K, reserved 1048576K
}
Event: 3.439 GC heap after
{Heap after GC invocations=7 (full 0):
 garbage-first heap   total 155648K, used 22241K [0x0000000080000000, 0x0000000100000000)
  region size 1024K, 4 young (4096K), 4 survivors (4096K)
 Metaspace       used 34865K, capacity 35663K, committed 35708K, reserved 1081344K
  class space    used 4519K, capacity 4839K, committed 4864K, reserved 1048576K
}
Event: 4.305 GC heap before
{Heap before GC invocations=8 (full 0):
 garbage-first heap   total 155648K, used 99041K [0x0000000080000000, 0x0000000100000000)
  region size 1024K, 77 young (78848K), 4 survivors (4096K)
 Metaspace       used 40888K, capacity 41890K, committed 42184K, reserved 1085440K
  class space    used 5236K, capacity 5610K, committed 5708K, reserved 1048576K
}
Event: 4.314 GC heap after
{Heap after GC invocations=9 (full 0):
 garbage-first heap   total 155648K, used 27815K [0x0000000080000000, 0x0000000100000000)
  region size 1024K, 9 young (9216K), 9 survivors (9216K)
 Metaspace       used 40888K, capacity 41890K, committed 42184K, reserved 1085440K
  class space    used 5236K, capacity 5610K, committed 5708K, reserved 1048576K
}
Event: 5.274 GC heap before
{Heap before GC invocations=9 (full 0):
 garbage-first heap   total 155648K, used 105639K [0x0000000080000000, 0x0000000100000000)
  region size 1024K, 85 young (87040K), 9 survivors (9216K)
 Metaspace       used 47511K, capacity 48693K, committed 48968K, reserved 1091584K
  class space    used 6122K, capacity 6548K, committed 6604K, reserved 1048576K
}
Event: 5.287 GC heap after
{Heap after GC invocations=10 (full 0):
 garbage-first heap   total 155648K, used 30880K [0x0000000080000000, 0x0000000100000000)
  region size 1024K, 4 young (4096K), 4 survivors (4096K)
 Metaspace       used 47511K, capacity 48693K, committed 48968K, reserved 1091584K
  class space    used 6122K, capacity 6548K, committed 6604K, reserved 1048576K
}
Event: 6.176 GC heap before
{Heap before GC invocations=10 (full 0):
 garbage-first heap   total 155648K, used 112800K [0x0000000080000000, 0x0000000100000000)
  region size 1024K, 81 young (82944K), 4 survivors (4096K)
 Metaspace       used 52470K, capacity 53778K, committed 53960K, reserved 1095680K
  class space    used 6728K, capacity 7222K, committed 7244K, reserved 1048576K
}
Event: 6.184 GC heap after
{Heap after GC invocations=11 (full 0):
 garbage-first heap   total 155648K, used 43315K [0x0000000080000000, 0x0000000100000000)
  region size 1024K, 11 young (11264K), 11 survivors (11264K)
 Metaspace       used 52470K, capacity 53778K, committed 53960K, reserved 1095680K
  class space    used 6728K, capacity 7222K, committed 7244K, reserved 1048576K
}
Event: 6.709 GC heap before
{Heap before GC invocations=11 (full 0):
 garbage-first heap   total 155648K, used 83251K [0x0000000080000000, 0x0000000100000000)
  region size 1024K, 51 young (52224K), 11 survivors (11264K)
 Metaspace       used 58403K, capacity 59843K, committed 59976K, reserved 1101824K
  class space    used 7462K, capacity 8026K, committed 8140K, reserved 1048576K
}
Event: 6.728 GC heap after
{Heap after GC invocations=12 (full 0):
 garbage-first heap   total 187392K, used 46051K [0x0000000080000000, 0x0000000100000000)
  region size 1024K, 3 young (3072K), 3 survivors (3072K)
 Metaspace       used 58403K, capacity 59843K, committed 59976K, reserved 1101824K
  class space    used 7462K, capacity 8026K, committed 8140K, reserved 1048576K
}
Event: 7.699 GC heap before
{Heap before GC invocations=13 (full 0):
 garbage-first heap   total 187392K, used 118755K [0x0000000080000000, 0x0000000100000000)
  region size 1024K, 73 young (74752K), 3 survivors (3072K)
 Metaspace       used 65196K, capacity 66822K, committed 66928K, reserved 1107968K
  class space    used 8330K, capacity 8931K, committed 9036K, reserved 1048576K
}
Event: 7.711 GC heap after
{Heap after GC invocations=14 (full 0):
 garbage-first heap   total 187392K, used 50930K [0x0000000080000000, 0x0000000100000000)
  region size 1024K, 7 young (7168K), 7 survivors (7168K)
 Metaspace       used 65196K, capacity 66822K, committed 66928K, reserved 1107968K
  class space    used 8330K, capacity 8931K, committed 9036K, reserved 1048576K
}
Event: 8.539 GC heap before
{Heap before GC invocations=15 (full 0):
 garbage-first heap   total 187392K, used 124658K [0x0000000080000000, 0x0000000100000000)
  region size 1024K, 79 young (80896K), 7 survivors (7168K)
 Metaspace       used 70407K, capacity 71951K, committed 72176K, reserved 1112064K
  class space    used 9180K, capacity 9782K, committed 9932K, reserved 1048576K
}
Event: 8.551 GC heap after
{Heap after GC invocations=16 (full 0):
 garbage-first heap   total 187392K, used 56573K [0x0000000080000000, 0x0000000100000000)
  region size 1024K, 6 young (6144K), 6 survivors (6144K)
 Metaspace       used 70407K, capacity 71951K, committed 72176K, reserved 1112064K
  class space    used 9180K, capacity 9782K, committed 9932K, reserved 1048576K
}

