# JRE version: OpenJDK Runtime Environment (11.0.12+7) (build 11.0.12+7-b1504.28-7817840)
# Java VM: OpenJDK 64-Bit Server VM (11.0.12+7-b1504.28-7817840, mixed mode, tiered, compressed oops, g1 gc, windows-amd64)
Heap:
 garbage-first heap   total 187392K, used 58456K [0x0000000080000000, 0x0000000100000000)
  region size 1024K, 15 young (15360K), 8 survivors (8192K)
 Metaspace       used 65336K, capacity 66902K, committed 67184K, reserved 1107968K
  class space    used 8354K, capacity 8957K, committed 9036K, reserved 1048576K
GC Heap History (20 events):
Event: 3.447 GC heap before
{Heap before GC invocations=2 (full 0):
 garbage-first heap   total 129024K, used 57828K [0x0000000080000000, 0x0000000100000000)
  region size 1024K, 48 young (49152K), 3 survivors (3072K)
 Metaspace       used 18348K, capacity 18761K, committed 19072K, reserved 1067008K
  class space    used 2191K, capacity 2342K, committed 2432K, reserved 1048576K
}
Event: 3.452 GC heap after
{Heap after GC invocations=3 (full 0):
 garbage-first heap   total 129024K, used 16442K [0x0000000080000000, 0x0000000100000000)
  region size 1024K, 6 young (6144K), 6 survivors (6144K)
 Metaspace       used 18348K, capacity 18761K, committed 19072K, reserved 1067008K
  class space    used 2191K, capacity 2342K, committed 2432K, reserved 1048576K
}
Event: 3.774 GC heap before
{Heap before GC invocations=3 (full 0):
 garbage-first heap   total 129024K, used 38970K [0x0000000080000000, 0x0000000100000000)
  region size 1024K, 29 young (29696K), 6 survivors (6144K)
 Metaspace       used 20645K, capacity 21117K, committed 21296K, reserved 1069056K
  class space    used 2540K, capacity 2680K, committed 2688K, reserved 1048576K
}
Event: 3.782 GC heap after
{Heap after GC invocations=4 (full 0):
 garbage-first heap   total 129024K, used 17392K [0x0000000080000000, 0x0000000100000000)
  region size 1024K, 5 young (5120K), 5 survivors (5120K)
 Metaspace       used 20645K, capacity 21117K, committed 21296K, reserved 1069056K
  class space    used 2540K, capacity 2680K, committed 2688K, reserved 1048576K
}
Event: 4.778 GC heap before
{Heap before GC invocations=5 (full 0):
 garbage-first heap   total 129024K, used 66544K [0x0000000080000000, 0x0000000100000000)
  region size 1024K, 53 young (54272K), 5 survivors (5120K)
 Metaspace       used 25718K, capacity 26305K, committed 26544K, reserved 1073152K
  class space    used 3322K, capacity 3521K, committed 3584K, reserved 1048576K
}
Event: 4.786 GC heap after
{Heap after GC invocations=6 (full 0):
 garbage-first heap   total 129024K, used 19163K [0x0000000080000000, 0x0000000100000000)
  region size 1024K, 3 young (3072K), 3 survivors (3072K)
 Metaspace       used 25718K, capacity 26305K, committed 26544K, reserved 1073152K
  class space    used 3322K, capacity 3521K, committed 3584K, reserved 1048576K
}
Event: 5.445 GC heap before
{Heap before GC invocations=6 (full 0):
 garbage-first heap   total 129024K, used 72411K [0x0000000080000000, 0x0000000100000000)
  region size 1024K, 55 young (56320K), 3 survivors (3072K)
 Metaspace       used 31027K, capacity 31765K, committed 32048K, reserved 1077248K
  class space    used 4154K, capacity 4411K, committed 4480K, reserved 1048576K
}
Event: 5.449 GC heap after
{Heap after GC invocations=7 (full 0):
 garbage-first heap   total 155648K, used 20708K [0x0000000080000000, 0x0000000100000000)
  region size 1024K, 5 young (5120K), 5 survivors (5120K)
 Metaspace       used 31027K, capacity 31765K, committed 32048K, reserved 1077248K
  class space    used 4154K, capacity 4411K, committed 4480K, reserved 1048576K
}
Event: 5.702 GC heap before
{Heap before GC invocations=7 (full 0):
 garbage-first heap   total 155648K, used 30948K [0x0000000080000000, 0x0000000100000000)
  region size 1024K, 16 young (16384K), 5 survivors (5120K)
 Metaspace       used 34864K, capacity 35663K, committed 35708K, reserved 1081344K
  class space    used 4518K, capacity 4839K, committed 4864K, reserved 1048576K
}
Event: 5.714 GC heap after
{Heap after GC invocations=8 (full 0):
 garbage-first heap   total 155648K, used 22513K [0x0000000080000000, 0x0000000100000000)
  region size 1024K, 6 young (6144K), 6 survivors (6144K)
 Metaspace       used 34864K, capacity 35663K, committed 35708K, reserved 1081344K
  class space    used 4518K, capacity 4839K, committed 4864K, reserved 1048576K
}
Event: 6.499 GC heap before
{Heap before GC invocations=9 (full 0):
 garbage-first heap   total 155648K, used 95217K [0x0000000080000000, 0x0000000100000000)
  region size 1024K, 74 young (75776K), 6 survivors (6144K)
 Metaspace       used 40479K, capacity 41429K, committed 41544K, reserved 1085440K
  class space    used 5174K, capacity 5541K, committed 5580K, reserved 1048576K
}
Event: 6.515 GC heap after
{Heap after GC invocations=10 (full 0):
 garbage-first heap   total 155648K, used 28119K [0x0000000080000000, 0x0000000100000000)
  region size 1024K, 10 young (10240K), 10 survivors (10240K)
 Metaspace       used 40479K, capacity 41429K, committed 41544K, reserved 1085440K
  class space    used 5174K, capacity 5541K, committed 5580K, reserved 1048576K
}
Event: 7.351 GC heap before
{Heap before GC invocations=10 (full 0):
 garbage-first heap   total 155648K, used 101847K [0x0000000080000000, 0x0000000100000000)
  region size 1024K, 81 young (82944K), 10 survivors (10240K)
 Metaspace       used 46806K, capacity 47943K, committed 48072K, reserved 1091584K
  class space    used 6043K, capacity 6446K, committed 6476K, reserved 1048576K
}
Event: 7.364 GC heap after
{Heap after GC invocations=11 (full 0):
 garbage-first heap   total 155648K, used 30982K [0x0000000080000000, 0x0000000100000000)
  region size 1024K, 8 young (8192K), 8 survivors (8192K)
 Metaspace       used 46806K, capacity 47943K, committed 48072K, reserved 1091584K
  class space    used 6043K, capacity 6446K, committed 6476K, reserved 1048576K
}
Event: 8.311 GC heap before
{Heap before GC invocations=11 (full 0):
 garbage-first heap   total 155648K, used 108806K [0x0000000080000000, 0x0000000100000000)
  region size 1024K, 81 young (82944K), 8 survivors (8192K)
 Metaspace       used 50640K, capacity 51907K, committed 52040K, reserved 1093632K
  class space    used 6505K, capacity 7006K, committed 7116K, reserved 1048576K
}
Event: 8.330 GC heap after
{Heap after GC invocations=12 (full 0):
 garbage-first heap   total 155648K, used 43722K [0x0000000080000000, 0x0000000100000000)
  region size 1024K, 11 young (11264K), 11 survivors (11264K)
 Metaspace       used 50640K, capacity 51907K, committed 52040K, reserved 1093632K
  class space    used 6505K, capacity 7006K, committed 7116K, reserved 1048576K
}
Event: 9.073 GC heap before
{Heap before GC invocations=12 (full 0):
 garbage-first heap   total 155648K, used 96970K [0x0000000080000000, 0x0000000100000000)
  region size 1024K, 64 young (65536K), 11 survivors (11264K)
 Metaspace       used 58389K, capacity 59849K, committed 59976K, reserved 1101824K
  class space    used 7460K, capacity 8050K, committed 8140K, reserved 1048576K
}
Event: 9.105 GC heap after
{Heap after GC invocations=13 (full 0):
 garbage-first heap   total 187392K, used 47057K [0x0000000080000000, 0x0000000100000000)
  region size 1024K, 3 young (3072K), 3 survivors (3072K)
 Metaspace       used 58389K, capacity 59849K, committed 59976K, reserved 1101824K
  class space    used 7460K, capacity 8050K, committed 8140K, reserved 1048576K
}
Event: 10.020 GC heap before
{Heap before GC invocations=14 (full 0):
 garbage-first heap   total 187392K, used 122833K [0x0000000080000000, 0x0000000100000000)
  region size 1024K, 77 young (78848K), 3 survivors (3072K)
 Metaspace       used 65324K, capacity 66896K, committed 67184K, reserved 1107968K
  class space    used 8353K, capacity 8955K, committed 9036K, reserved 1048576K
}
Event: 10.031 GC heap after
{Heap after GC invocations=15 (full 0):
 garbage-first heap   total 187392K, used 52312K [0x0000000080000000, 0x0000000100000000)
  region size 1024K, 8 young (8192K), 8 survivors (8192K)
 Metaspace       used 65324K, capacity 66896K, committed 67184K, reserved 1107968K
  class space    used 8353K, capacity 8955K, committed 9036K, reserved 1048576K
}

